
> beico-app@0.1.1 logen-live
> node scripts/logen-address-confirm-live.mjs

[Live] Login...
[Live] Move to single order page...
[Dialog] beforeunload 
[Live] Fill recipient phone/name (value only)...
[Live] Address keyword + magnifier...
[Live] Popup context: frame
[Live] Popup debug: {"popupVisible":true,"hasPopupInput":true,"hasSearchFn":true,"hasSheet":true,"popupHtml":"<div id=\"popupModal\" running=\"running\" style=\"z-index: 1000; display: block;\" class=\"ui-draggable\">    <script src=\"/lmm01f-standard/common/js/lmm01fp416.js\"></script>\n    <!-- <script src=\"/lmm01f-standard/common/js/commLmm.js\"></script> -->\n\n    <div id=\"modalCommPop\" class=\"modalWrap\">  \n        <input type=\"hidden\" id=\"hddObj\" name=\"hddObj\" value=\"{&quot;schVal&quot;:&quot;06159&quot;,&quot;schType&quot;:&quot;B10401&quot;,&quot;schPrntVal1&quot;:&quot;&quot;,&quot;schPrntVal2&quot;:&quot;&q"}
[Live] Double click postal row... 
[Live] Fill popup detail address + confirm...
[Live] Save...
[Live] Final recipient state: {
  "tel": "",
  "cell": "",
  "name": "",
  "zip": "",
  "bldgCd": "",
  "addr1": "",
  "addr2": "",
  "branCd": "",
  "branNm": "",
  "multiPopupVisible": false
}
[Live] Keep browser open for manual check. Close window when done.
[Live] Failed: page.waitForTimeout: Target page, context or browser has been closed
    at main (C:\Users\vdvin\OneDrive\바탕 화면\CODE\beico-app\scripts\logen-address-confirm-live.mjs:648:16)
[Live] Browser kept open for debugging (20 min).
[Live] Failed: page.waitForTimeout: Target page, context or browser has been closed
    at main (C:\Users\vdvin\OneDrive\바탕 화면\CODE\beico-app\scripts\logen-address-confirm-live.mjs:653:16)
