
> beico-app@0.1.1 logen-live
> node scripts/logen-address-confirm-live.mjs

[Live] Login...
[Live] Move to single order page...
[Dialog] beforeunload 
[Live] Fill recipient phone/name (value only)...
[Live] Address keyword + magnifier...
[Live] Popup context: frame
[Live] Popup debug: {"popupVisible":true,"hasPopupInput":true,"hasSearchFn":true,"hasSheet":true,"popupHtml":"<div id=\"popupModal\" running=\"running\" style=\"z-index: 1000; display: block;\" class=\"ui-draggable\">    <script src=\"/lmm01f-standard/common/js/lmm01fp416.js\"></script>\n    <!-- <script src=\"/lmm01f-standard/common/js/commLmm.js\"></script> -->\n\n    <div id=\"modalCommPop\" class=\"modalWrap\">  \n        <input type=\"hidden\" id=\"hddObj\" name=\"hddObj\" value=\"{&quot;schVal&quot;:&quot;06159&quot;,&quot;schType&quot;:&quot;B10401&quot;,&quot;schPrntVal1&quot;:&quot;&quot;,&quot;schPrntVal2&quot;:&quot;&q"}
[Live] Double click postal row... 
[Live] Fill popup detail address + confirm...
[Live] Save step 1/4: 저장(F5)...
[Live] Save step 2/4: 저장 확인 팝업 처리...
[Live] Save step 3/4: 저장 이후 상태 재검증...
[Live] Save step 4/4: 완료, 이제 체크데이터 단계로 진행
[Live] Print flow: 미출력 탭 + 전체 체크...
[Live] Print flow(api): rows=10, checked=0
[Live] Print flow: grid ready rows=126, cbs=8
[Live] Failed: ReferenceError: label is not defined
    at clickUtilityCheckboxNearLabel (file:///C:/Users/vdvin/OneDrive/%EB%B0%94%ED%83%95%20%ED%99%94%EB%A9%B4/CODE/beico-app/scripts/logen-address-confirm-live.mjs:231:8)
    at main (file:///C:/Users/vdvin/OneDrive/%EB%B0%94%ED%83%95%20%ED%99%94%EB%A9%B4/CODE/beico-app/scripts/logen-address-confirm-live.mjs:1155:34)
    at runNextTicks (node:internal/process/task_queues:65:5)
    at process.processTimers (node:internal/timers:520:9)
[Live] Browser kept open for debugging (20 min).
